<?xml version="1.0" encoding="UTF-8"?>
<testng-results ignored="0" total="1" passed="1" failed="0" skipped="0">
  <reporter-output>
  </reporter-output>
  <suite started-at="2023-12-16T11:44:45 CET" name="Surefire suite" finished-at="2023-12-16T11:44:53 CET" duration-ms="7557">
    <groups>
    </groups>
    <test started-at="2023-12-16T11:44:45 CET" name="Surefire test" finished-at="2023-12-16T11:44:53 CET" duration-ms="7557">
      <class name="org.selenium.docker.SeleniumDockerTest">
        <test-method signature="TestJobPortal()[pri:0, instance:org.selenium.docker.SeleniumDockerTest@11a9e7c8]" started-at="2023-12-16T11:44:45 CET" name="TestJobPortal" finished-at="2023-12-16T11:44:53 CET" duration-ms="7522" status="PASS">
          <reporter-output>
          </reporter-output>
        </test-method> <!-- TestJobPortal -->
      </class> <!-- org.selenium.docker.SeleniumDockerTest -->
    </test> <!-- Surefire test -->
  </suite> <!-- Surefire suite -->
</testng-results>
