<?xml version="1.0" encoding="UTF-8"?>
<testng-results ignored="0" total="1" passed="1" failed="0" skipped="0">
  <reporter-output>
  </reporter-output>
  <suite started-at="2023-12-17T14:39:41 CET" name="Surefire suite" finished-at="2023-12-17T14:39:53 CET" duration-ms="11614">
    <groups>
    </groups>
    <test started-at="2023-12-17T14:39:41 CET" name="Surefire test" finished-at="2023-12-17T14:39:53 CET" duration-ms="11614">
      <class name="org.selenium.docker.SeleniumDockerTest">
        <test-method signature="TestJobPortal()[pri:0, instance:org.selenium.docker.SeleniumDockerTest@45018215]" started-at="2023-12-17T14:39:41 CET" name="TestJobPortal" finished-at="2023-12-17T14:39:53 CET" duration-ms="11578" status="PASS">
          <reporter-output>
          </reporter-output>
        </test-method> <!-- TestJobPortal -->
      </class> <!-- org.selenium.docker.SeleniumDockerTest -->
    </test> <!-- Surefire test -->
  </suite> <!-- Surefire suite -->
</testng-results>
